<?xml version="1.0" encoding="UTF-8"?>
<testsuite xmlns:xsi="http://www.w3.org/2001/XMLSchema-instance" xsi:noNamespaceSchemaLocation="https://maven.apache.org/surefire/maven-surefire-plugin/xsd/surefire-test-report.xsd" name="Runners.TestRunner" time="50.068" tests="3" errors="0" skipped="0" failures="0">
  <properties>
[...]
</properties>
  <testcase name="runScenario" classname="Runners.TestRunner" time="16.785"/>
  <testcase name="runScenario" classname="Runners.TestRunner" time="13.249"/>
  <testcase name="runScenario" classname="Runners.TestRunner" time="17.875"/>
</testsuite>