<?xml version="1.0" encoding="UTF-8"?>
<testng-results ignored="0" total="3" passed="3" failed="0" skipped="0">
  <reporter-output>
  </reporter-output>
  <suite started-at="2023-05-11T16:54:51 EET" name="Surefire suite" finished-at="2023-05-11T16:55:40 EET" duration-ms="49146">
    <groups>
      <group name="cucumber">
        <method signature="AbstractTestNGCucumberTests.runScenario(io.cucumber.testng.PickleWrapper,io.cucumber.testng.FeatureWrapper)[pri:0, instance:Runners.TestRunner@275710fc]" name="runScenario" class="io.cucumber.testng.AbstractTestNGCucumberTests"/>
      </group> <!-- cucumber -->
    </groups>
    <test started-at="2023-05-11T16:54:51 EET" name="Surefire test" finished-at="2023-05-11T16:55:40 EET" duration-ms="49146">
      <class name="Runners.TestRunner">
        <test-method is-config="true" signature="beforeSuite()[pri:0, instance:Runners.TestRunner@275710fc]" started-at="2023-05-11T16:54:51 EET" name="beforeSuite" finished-at="2023-05-11T16:54:51 EET" duration-ms="34" status="PASS">
          <reporter-output>
          </reporter-output>
        </test-method> <!-- beforeSuite -->
        <test-method is-config="true" signature="setUpClass()[pri:0, instance:Runners.TestRunner@275710fc]" started-at="2023-05-11T16:54:51 EET" name="setUpClass" finished-at="2023-05-11T16:54:52 EET" duration-ms="919" status="PASS">
          <reporter-output>
          </reporter-output>
        </test-method> <!-- setUpClass -->
        <test-method signature="runScenario(io.cucumber.testng.PickleWrapper,io.cucumber.testng.FeatureWrapper)[pri:0, instance:Runners.TestRunner@275710fc]" started-at="2023-05-11T16:54:52 EET" name="runScenario" description="Runs Cucumber Scenarios" data-provider="scenarios" finished-at="2023-05-11T16:55:08 EET" duration-ms="16781" status="PASS">
          <params>
            <param index="0">
              <value>
                <![CDATA["open Bahrain page and check packages names"]]>
              </value>
            </param>
            <param index="1">
              <value>
                <![CDATA["Optional[Bahrain packages]"]]>
              </value>
            </param>
          </params>
          <reporter-output>
          </reporter-output>
        </test-method> <!-- runScenario -->
        <test-method signature="runScenario(io.cucumber.testng.PickleWrapper,io.cucumber.testng.FeatureWrapper)[pri:0, instance:Runners.TestRunner@275710fc]" started-at="2023-05-11T16:55:08 EET" name="runScenario" description="Runs Cucumber Scenarios" data-provider="scenarios" finished-at="2023-05-11T16:55:22 EET" duration-ms="13259" status="PASS">
          <params>
            <param index="0">
              <value>
                <![CDATA["open KSA page and check packages names"]]>
              </value>
            </param>
            <param index="1">
              <value>
                <![CDATA["Optional[KSA packages]"]]>
              </value>
            </param>
          </params>
          <reporter-output>
          </reporter-output>
        </test-method> <!-- runScenario -->
        <test-method signature="runScenario(io.cucumber.testng.PickleWrapper,io.cucumber.testng.FeatureWrapper)[pri:0, instance:Runners.TestRunner@275710fc]" started-at="2023-05-11T16:55:22 EET" name="runScenario" description="Runs Cucumber Scenarios" data-provider="scenarios" finished-at="2023-05-11T16:55:40 EET" duration-ms="17875" status="PASS">
          <params>
            <param index="0">
              <value>
                <![CDATA["open Kuwait page and check packages names"]]>
              </value>
            </param>
            <param index="1">
              <value>
                <![CDATA["Optional[Kuwait packages]"]]>
              </value>
            </param>
          </params>
          <reporter-output>
          </reporter-output>
        </test-method> <!-- runScenario -->
        <test-method is-config="true" signature="tearDownClass()[pri:0, instance:Runners.TestRunner@275710fc]" started-at="2023-05-11T16:55:40 EET" name="tearDownClass" finished-at="2023-05-11T16:55:40 EET" duration-ms="177" status="PASS">
          <reporter-output>
          </reporter-output>
        </test-method> <!-- tearDownClass -->
        <test-method is-config="true" signature="afterSuite()[pri:0, instance:Runners.TestRunner@275710fc]" started-at="2023-05-11T16:55:40 EET" name="afterSuite" finished-at="2023-05-11T16:55:40 EET" duration-ms="1" status="PASS">
          <reporter-output>
          </reporter-output>
        </test-method> <!-- afterSuite -->
      </class> <!-- Runners.TestRunner -->
    </test> <!-- Surefire test -->
  </suite> <!-- Surefire suite -->
</testng-results>
