<?xml version="1.0" encoding="UTF-8"?>
<testsuite xmlns:xsi="http://www.w3.org/2001/XMLSchema-instance" xsi:noNamespaceSchemaLocation="https://maven.apache.org/surefire/maven-surefire-plugin/xsd/surefire-test-report.xsd" name="Runners.TestRunner" time="177.175" tests="13" errors="0" skipped="0" failures="1">
  <properties>
[...]
</properties>
  <testcase name="runScenario" classname="Runners.TestRunner" time="13.942">
    <failure message="timeout: Timed out receiving message from renderer: 9.029&#10;  (Session info: chrome=112.0.5615.138)&#10;Build info: version: &apos;3.141.59&apos;, revision: &apos;e82be7d358&apos;, time: &apos;2018-11-14T08:17:03&apos;&#10;System info: host: &apos;DESKTOP-SI31G4B&apos;, ip: &apos;192.168.1.10&apos;, os.name: &apos;Windows 10&apos;, os.arch: &apos;amd64&apos;, os.version: &apos;10.0&apos;, java.version: &apos;19.0.1&apos;&#10;Driver info: org.openqa.selenium.chrome.ChromeDriver&#10;Capabilities {acceptInsecureCerts: false, browserName: chrome, browserVersion: 112.0.5615.138, chrome: {chromedriverVersion: 112.0.5615.49 (bd2a7bcb881c..., userDataDir: C:\Users\MKSOLU~1\AppData\L...}, goog:chromeOptions: {debuggerAddress: localhost:49579}, javascriptEnabled: true, networkConnectionEnabled: false, pageLoadStrategy: normal, platform: WINDOWS, platformName: WINDOWS, proxy: Proxy(), setWindowRect: true, strictFileInteractability: false, timeouts: {implicit: 0, pageLoad: 300000, script: 30000}, unhandledPromptBehavior: dismiss and notify, webauthn:extension:credBlob: true, webauthn:extension:largeBlob: true, webauthn:extension:minPinLength: true, webauthn:extension:prf: true, webauthn:virtualAuthenticators: true}&#10;Session ID: 30316a09747ff7813548e91b0cff2088" type="org.openqa.selenium.TimeoutException">org.openqa.selenium.TimeoutException: 
timeout: Timed out receiving message from renderer: 9.029
  (Session info: chrome=112.0.5615.138)
Build info: version: '3.141.59', revision: 'e82be7d358', time: '2018-11-14T08:17:03'
System info: host: 'DESKTOP-SI31G4B', ip: '192.168.1.10', os.name: 'Windows 10', os.arch: 'amd64', os.version: '10.0', java.version: '19.0.1'
Driver info: org.openqa.selenium.chrome.ChromeDriver
Capabilities {acceptInsecureCerts: false, browserName: chrome, browserVersion: 112.0.5615.138, chrome: {chromedriverVersion: 112.0.5615.49 (bd2a7bcb881c..., userDataDir: C:\Users\MKSOLU~1\AppData\L...}, goog:chromeOptions: {debuggerAddress: localhost:49579}, javascriptEnabled: true, networkConnectionEnabled: false, pageLoadStrategy: normal, platform: WINDOWS, platformName: WINDOWS, proxy: Proxy(), setWindowRect: true, strictFileInteractability: false, timeouts: {implicit: 0, pageLoad: 300000, script: 30000}, unhandledPromptBehavior: dismiss and notify, webauthn:extension:credBlob: true, webauthn:extension:largeBlob: true, webauthn:extension:minPinLength: true, webauthn:extension:prf: true, webauthn:virtualAuthenticators: true}
Session ID: 30316a09747ff7813548e91b0cff2088
</failure>
    <system-out><![CDATA[================ BEFORE SUITE ================

Scenario Outline: open KSA page and use gift code &amp#27;[90m# src/test/resources/features/checkGiftCode.feature:12&amp#27;[0m
      &amp#27;[31morg.openqa.selenium.TimeoutException: timeout: Timed out receiving message from renderer: 9.029
  (Session info: chrome=112.0.5615.138)
Build info: version: '3.141.59', revision: 'e82be7d358', time: '2018-11-14T08:17:03'
System info: host: 'DESKTOP-SI31G4B', ip: '192.168.1.10', os.name: 'Windows 10', os.arch: 'amd64', os.version: '10.0', java.version: '19.0.1'
Driver info: org.openqa.selenium.chrome.ChromeDriver
Capabilities {acceptInsecureCerts: false, browserName: chrome, browserVersion: 112.0.5615.138, chrome: {chromedriverVersion: 112.0.5615.49 (bd2a7bcb881c..., userDataDir: C:\Users\MKSOLU~1\AppData\L...}, goog:chromeOptions: {debuggerAddress: localhost:49579}, javascriptEnabled: true, networkConnectionEnabled: false, pageLoadStrategy: normal, platform: WINDOWS, platformName: WINDOWS, proxy: Proxy(), setWindowRect: true, strictFileInteractability: false, timeouts: {implicit: 0, pageLoad: 300000, script: 30000}, unhandledPromptBehavior: dismiss and notify, webauthn:extension:credBlob: true, webauthn:extension:largeBlob: true, webauthn:extension:minPinLength: true, webauthn:extension:prf: true, webauthn:virtualAuthenticators: true}
Session ID: 30316a09747ff7813548e91b0cff2088
	at java.base/jdk.internal.reflect.DirectConstructorHandleAccessor.newInstance(DirectConstructorHandleAccessor.java:67)
	at java.base/java.lang.reflect.Constructor.newInstanceWithCaller(Constructor.java:500)
	at java.base/java.lang.reflect.Constructor.newInstance(Constructor.java:484)
	at org.openqa.selenium.remote.http.W3CHttpResponseCodec.createException(W3CHttpResponseCodec.java:187)
	at org.openqa.selenium.remote.http.W3CHttpResponseCodec.decode(W3CHttpResponseCodec.java:122)
	at org.openqa.selenium.remote.http.W3CHttpResponseCodec.decode(W3CHttpResponseCodec.java:49)
	at org.openqa.selenium.remote.HttpCommandExecutor.execute(HttpCommandExecutor.java:158)
	at org.openqa.selenium.remote.service.DriverCommandExecutor.execute(DriverCommandExecutor.java:83)
	at org.openqa.selenium.remote.RemoteWebDriver.execute(RemoteWebDriver.java:552)
	at org.openqa.selenium.remote.RemoteWebDriver.get(RemoteWebDriver.java:277)
	at StepDefinitions.Hooks.setUp(Hooks.java:25)
&amp#27;[0m
  &amp#27;[36mGiven &amp#27;[0m&amp#27;[36mHome page in English&amp#27;[0m                      &amp#27;[90m# StepDefinitions.HomeSteps.homePageWithoutLogin()&amp#27;[0m
  &amp#27;[36mWhen &amp#27;[0m&amp#27;[36mopen KSA country page&amp#27;[0m                      &amp#27;[90m# StepDefinitions.HomeSteps.openHomePageInKSA()&amp#27;[0m
  &amp#27;[36mAnd &amp#27;[0m&amp#27;[36mopen gift code page&amp#27;[0m                         &amp#27;[90m# StepDefinitions.HomeSteps.openGiftCodePage()&amp#27;[0m
  &amp#27;[36mThen &amp#27;[0m&amp#27;[36menter gift code &amp#27;[0m&amp#27;[36m&amp#27;[1m"test"&amp#27;[0m&amp#27;[36m &amp#27;[0m&amp#27;[36m&amp#27;[1m"invalid"&amp#27;[0m           &amp#27;[90m# StepDefinitions.HomeSteps.enterGiftCode(java.lang.String,java.lang.String)&amp#27;[0m

    Embedding screenshot [image/png 128323 bytes]

]]></system-out>
    <system-err><![CDATA[SLF4J: Failed to load class "org.slf4j.impl.StaticLoggerBinder".
SLF4J: Defaulting to no-operation (NOP) logger implementation
SLF4J: See http://www.slf4j.org/codes.html#StaticLoggerBinder for further details.
Starting ChromeDriver 112.0.5615.49 (bd2a7bcb881c11e8cfe3078709382934e3916914-refs/branch-heads/5615@{#936}) on port 22823
Only local connections are allowed.
Please see https://chromedriver.chromium.org/security-considerations for suggestions on keeping ChromeDriver safe.
ChromeDriver was started successfully.
May 13, 2023 11:01:11 AM org.openqa.selenium.remote.ProtocolHandshake createSession
INFO: Detected dialect: W3C
[1683968481.451][SEVERE]: Timed out receiving message from renderer: 9.029
[1683968481.490][SEVERE]: Timed out receiving message from renderer: 9.029
]]></system-err>
  </testcase>
  <testcase name="runScenario" classname="Runners.TestRunner" time="16.498"/>
  <testcase name="runScenario" classname="Runners.TestRunner" time="12.37"/>
  <testcase name="runScenario" classname="Runners.TestRunner" time="12.516"/>
  <testcase name="runScenario" classname="Runners.TestRunner" time="13.352"/>
  <testcase name="runScenario" classname="Runners.TestRunner" time="13.033"/>
  <testcase name="runScenario" classname="Runners.TestRunner" time="12.952"/>
  <testcase name="runScenario" classname="Runners.TestRunner" time="15.39"/>
  <testcase name="runScenario" classname="Runners.TestRunner" time="13.755"/>
  <testcase name="runScenario" classname="Runners.TestRunner" time="14.498"/>
  <testcase name="runScenario" classname="Runners.TestRunner" time="13.232"/>
  <testcase name="runScenario" classname="Runners.TestRunner" time="11.762"/>
  <testcase name="runScenario" classname="Runners.TestRunner" time="12.199"/>
</testsuite>